<?xml version="1.0" encoding="UTF-8"?>
<!-- Generated by org.testng.reporters.JUnitXMLReporter -->
<testsuite hostname="CLT-WIN-11717" ignored="0" name="Test 5" tests="15" failures="0" timestamp="28 Jun 2021 18:17:54 GMT" time="316.232" errors="0">
  <testcase name="login" time="14.393" classname="tests_critical_scenarios.CreateDiscussionSenarios1"/>
  <testcase name="Workroom_Admin_Can_Open_Library_Page_For_Workroom" time="8.326" classname="tests_critical_scenarios.CreateDiscussionSenarios1"/>
  <testcase name="create_Upcoming_Discussion_Future_Date" time="37.451" classname="tests_critical_scenarios.CreateDiscussionSenarios1"/>
  <testcase name="create_Open_Discussion_Current_Date_AssignUsers" time="25.145" classname="tests_critical_scenarios.CreateDiscussionSenarios1"/>
  <testcase name="create_Discussion_MainTopic" time="18.517" classname="tests_critical_scenarios.CreateDiscussionSenarios1"/>
  <testcase name="create_Topic_Reply_And_Attachment" time="12.824" classname="tests_critical_scenarios.CreateDiscussionSenarios1"/>
  <testcase name="discussion_Search_4_Reply" time="16.464" classname="tests_critical_scenarios.CreateDiscussionSenarios1"/>
  <testcase name="edit_Discussion_Topic" time="22.9" classname="tests_critical_scenarios.CreateDiscussionSenarios1"/>
  <testcase name="edit_Discussion_Topic_Reply" time="21.094" classname="tests_critical_scenarios.CreateDiscussionSenarios1"/>
  <testcase name="delete_Reply_To_Discussion_Topic" time="17.253" classname="tests_critical_scenarios.CreateDiscussionSenarios1"/>
  <testcase name="delete_Discussion_Topic" time="23.721" classname="tests_critical_scenarios.CreateDiscussionSenarios1"/>
  <testcase name="archive_Discussion" time="9.876" classname="tests_critical_scenarios.CreateDiscussionSenarios1"/>
  <testcase name="restore_Archived_Discussion" time="7.186" classname="tests_critical_scenarios.CreateDiscussionSenarios1"/>
  <testcase name="verify_restored_Archived_Discussion" time="0.398" classname="tests_critical_scenarios.CreateDiscussionSenarios1"/>
  <testcase name="close_Open_Upcoming_Discussions" time="29.126" classname="tests_critical_scenarios.CreateDiscussionSenarios1"/>
</testsuite> <!-- Test 5 -->
