<?xml version="1.0" encoding="UTF-8"?>
<!-- Generated by org.testng.reporters.JUnitXMLReporter -->
<testsuite hostname="CLT-WIN-11717" ignored="0" name="Test 1" tests="24" failures="0" timestamp="28 Jun 2021 18:18:29 GMT" time="351.786" errors="0">
  <testcase name="systemAdmin_login" time="7.519" classname="tests_critical_scenarios.SetUserWorkroomMemberNoEventPermission"/>
  <testcase name="systemAdmin_Open_Settings_Then_Workroom_And_Group_Settings" time="3.362" classname="tests_critical_scenarios.SetUserWorkroomMemberNoEventPermission"/>
  <testcase name="systemAdmin_Restrict_User_Access_From_Events" time="24.915" classname="tests_critical_scenarios.SetUserWorkroomMemberNoEventPermission"/>
  <testcase name="systemAdmin_Close_And_Logout" time="25.58" classname="tests_critical_scenarios.SetUserWorkroomMemberNoEventPermission"/>
  <testcase name="workroom_Member_Login_To_BoardEffect" time="10.085" classname="tests_critical_scenarios.SetUserWorkroomMemberNoEventPermission"/>
  <testcase name="workroom_Admin_Not_See_Event_Due_To_Permissions" time="19.197" classname="tests_critical_scenarios.SetUserWorkroomMemberNoEventPermission"/>
  <testcase name="workroom_Member_Can_Logout" time="17.496" classname="tests_critical_scenarios.SetUserWorkroomMemberNoEventPermission"/>
  <testcase name="systemAdmin_Can_Login_To_BoardEffect_2nd_Time" time="7.351" classname="tests_critical_scenarios.SetUserWorkroomMemberNoEventPermission"/>
  <testcase name="systemAdmin_Open_Settings_Then_Workroom_And_Group_Settings_2nd_Time" time="4.531" classname="tests_critical_scenarios.SetUserWorkroomMemberNoEventPermission"/>
  <testcase name="systemAdmin_Enable_Events_For_Workroom_Member" time="21.432" classname="tests_critical_scenarios.SetUserWorkroomMemberNoEventPermission"/>
  <testcase name="systemAdmin_Close_And_Logout_2nd_Time" time="18.811" classname="tests_critical_scenarios.SetUserWorkroomMemberNoEventPermission"/>
  <testcase name="workroom_Member_Login_To_BoardEffect_2nd_Time" time="7.184" classname="tests_critical_scenarios.SetUserWorkroomMemberNoEventPermission"/>
  <testcase name="workroom_Member_Sees_Event_Due_To_Permissions" time="15.556" classname="tests_critical_scenarios.SetUserWorkroomMemberNoEventPermission"/>
  <testcase name="workroom_Member_Can_Logout_2nd_Time" time="14.91" classname="tests_critical_scenarios.SetUserWorkroomMemberNoEventPermission"/>
  <testcase name="systemAdmin_Can_Login_To_BoardEffect_3rd_Time" time="8.605" classname="tests_critical_scenarios.SetUserWorkroomMemberNoEventPermission"/>
  <testcase name="systemAdmin_Open_Settings_Then_Workroom_And_Group_Settings_3rd_Time" time="3.509" classname="tests_critical_scenarios.SetUserWorkroomMemberNoEventPermission"/>
  <testcase name="systemAdmin_Set_User_As_Workroom_Admin" time="21.686" classname="tests_critical_scenarios.SetUserWorkroomMemberNoEventPermission"/>
  <testcase name="systemAdmin_Close_And_Logout_Agian_2nd_Time" time="4.764" classname="tests_critical_scenarios.SetUserWorkroomMemberNoEventPermission"/>
  <testcase name="workroom_Member_Login_To_BoardEffect_3rd_Time" time="10.325" classname="tests_critical_scenarios.SetUserWorkroomMemberNoEventPermission"/>
  <testcase name="workroom_Member_Open_Library_For_Workroom_Has_New_Book_Button" time="12.186" classname="tests_critical_scenarios.SetUserWorkroomMemberNoEventPermission"/>
  <testcase name="workroom_Member_Can_Logout_3rd_Time" time="12.634" classname="tests_critical_scenarios.SetUserWorkroomMemberNoEventPermission"/>
  <testcase name="systemAdmin_Can_Login_To_BoardEffect_4th_Time" time="5.238" classname="tests_critical_scenarios.SetUserWorkroomMemberNoEventPermission"/>
  <testcase name="systemAdmin_Open_Settings_Then_Workroom_And_Group_Settings_4th_Time" time="3.514" classname="tests_critical_scenarios.SetUserWorkroomMemberNoEventPermission"/>
  <testcase name="systemAdmin_Set_User_As_Workroom_Member" time="14.015" classname="tests_critical_scenarios.SetUserWorkroomMemberNoEventPermission"/>
</testsuite> <!-- Test 1 -->
