<?xml version="1.0" encoding="UTF-8"?>
<!-- Generated by org.testng.reporters.JUnitXMLReporter -->
<testsuite hostname="CLT-WIN-11717" ignored="0" name="Test 6" tests="7" failures="0" timestamp="28 Jun 2021 18:15:23 GMT" time="165.983" errors="0">
  <testcase name="autoUser_login" time="6.862" classname="tests_critical_scenarios.CreateEditCopyDeleteEvent"/>
  <testcase name="admin_Open_Workroom_AutoBE_Events" time="11.707" classname="tests_critical_scenarios.CreateEditCopyDeleteEvent"/>
  <testcase name="user_Can_Create_New_Event" time="29.267" classname="tests_critical_scenarios.CreateEditCopyDeleteEvent"/>
  <testcase name="user_Can_Edit_Event" time="18.345" classname="tests_critical_scenarios.CreateEditCopyDeleteEvent"/>
  <testcase name="user_Can_Copy_Event" time="7.539" classname="tests_critical_scenarios.CreateEditCopyDeleteEvent"/>
  <testcase name="user_Can_Delete_Copied_Event" time="3.76" classname="tests_critical_scenarios.CreateEditCopyDeleteEvent"/>
  <testcase name="user_Delete_Event" time="22.297" classname="tests_critical_scenarios.CreateEditCopyDeleteEvent"/>
</testsuite> <!-- Test 6 -->
