<?xml version="1.0" encoding="UTF-8"?>
<!-- Generated by org.testng.reporters.JUnitXMLReporter -->
<testsuite hostname="CLT-WIN-11717" ignored="0" name="Add_Remove_Logo_And_Logo_Url" tests="29" failures="0" timestamp="2021-06-15T14:04:52 EDT" time="82.904" errors="0">
  <testcase name="login" time="7.749" classname="tests_general_settings.SetDirectoryDisplayColumns"/>
  <testcase name="login" time="7.169" classname="tests_general_settings.AddRemovePrintLogo"/>
  <testcase name="login" time="7.776" classname="tests_general_settings.AddRemoveLogoAndLogoUrl"/>
  <testcase name="user_Can_Open_Settings" time="1.953" classname="tests_general_settings.AddRemovePrintLogo"/>
  <testcase name="user_Can_Open_Settings" time="2.616" classname="tests_general_settings.SetDirectoryDisplayColumns"/>
  <testcase name="user_Can_Open_Settings" time="2.003" classname="tests_general_settings.AddRemoveLogoAndLogoUrl"/>
  <testcase name="navigate_To_General_Look_Feel" time="3.125" classname="tests_general_settings.AddRemovePrintLogo"/>
  <testcase name="navigate_To_General_Look_Feel" time="3.027" classname="tests_general_settings.SetDirectoryDisplayColumns"/>
  <testcase name="navigate_To_General_Look_Feel" time="3.317" classname="tests_general_settings.AddRemoveLogoAndLogoUrl"/>
  <testcase name="add_Print_Logo" time="5.227" classname="tests_general_settings.AddRemovePrintLogo"/>
  <testcase name="add_Logo_And_Logo_URL" time="8.297" classname="tests_general_settings.AddRemoveLogoAndLogoUrl"/>
  <testcase name="set_Directory_Display_Columns" time="10.159" classname="tests_general_settings.SetDirectoryDisplayColumns"/>
  <testcase name="admin_Open_Workroom_Constellation_Library_Page" time="8.035" classname="tests_general_settings.AddRemovePrintLogo"/>
  <testcase name="user_Can_Open_Directory" time="3.185" classname="tests_general_settings.SetDirectoryDisplayColumns"/>
  <testcase name="verify_Role_Column" time="1.191" classname="tests_general_settings.SetDirectoryDisplayColumns"/>
  <testcase name="user_Can_Open_Settings_2nd_Time" time="2.345" classname="tests_general_settings.SetDirectoryDisplayColumns"/>
  <testcase name="user_Can_Create_Book_And_Add_Title" time="5.762" classname="tests_general_settings.AddRemovePrintLogo"/>
  <testcase name="navigate_To_General_Look_Feel_Agian" time="3.261" classname="tests_general_settings.SetDirectoryDisplayColumns"/>
  <testcase name="verify_Logo_And_URL_Added" time="11.978" classname="tests_general_settings.AddRemoveLogoAndLogoUrl"/>
  <testcase name="user_Can_Open_Settings_2nd_Time" time="3.134" classname="tests_general_settings.AddRemoveLogoAndLogoUrl"/>
  <testcase name="user_Can_Add_Cover_Page" time="6.189" classname="tests_general_settings.AddRemovePrintLogo"/>
  <testcase name="disable_Directory_Display_Columns_Option" time="5.337" classname="tests_general_settings.SetDirectoryDisplayColumns"/>
  <testcase name="navigate_To_General_Look_Feel_2nd_Time" time="3.068" classname="tests_general_settings.AddRemoveLogoAndLogoUrl"/>
  <testcase name="user_Can_Add_Agenda" time="2.568" classname="tests_general_settings.AddRemovePrintLogo"/>
  <testcase name="user_Can_Open_Directory_3rd_Time" time="2.789" classname="tests_general_settings.SetDirectoryDisplayColumns"/>
  <testcase name="user_Can_Save_Book_And_Continue" time="3.815" classname="tests_general_settings.AddRemovePrintLogo"/>
  <testcase name="disable_Logo_And_Logo_URL" time="4.305" classname="tests_general_settings.AddRemoveLogoAndLogoUrl"/>
  <testcase name="verify_Role_Column_NOT_Present" time="6.351" classname="tests_general_settings.SetDirectoryDisplayColumns"/>
  <testcase name="verify_HP_Logo_Removed" time="5.076" classname="tests_general_settings.AddRemoveLogoAndLogoUrl"/>
</testsuite> <!-- Add_Remove_Logo_And_Logo_Url -->
