<?xml version="1.0" encoding="UTF-8"?>
<!-- Generated by org.testng.reporters.JUnitXMLReporter -->
<testsuite hostname="CLT-WIN-11717" ignored="0" name="AddExistingUsersToAWorkroom" tests="3" failures="0" timestamp="2021-06-23T16:28:24 EDT" time="207.914" errors="0">
  <testcase name="workroom_Admin_Can_Logout_3rd_Time" time="6.98" classname="tests_settings.AllowUserToEditProfileContactInfo"/>
  <testcase name="system_Admin_Login_2nd_Time" time="5.572" classname="tests_settings.AllowUserToEditProfileContactInfo"/>
  <testcase name="systemAdmin_Open_Settings_Then_Workroom_And_Group_Settings_2nd_Time" time="2.939" classname="tests_settings.AllowUserToEditProfileContactInfo"/>
</testsuite> <!-- AddExistingUsersToAWorkroom -->
