<?xml version="1.0" encoding="UTF-8"?>
<!-- Generated by org.testng.reporters.JUnitXMLReporter -->
<testsuite hostname="CLT-WIN-11717" ignored="0" name="AddNewFilesViaUpload" tests="11" failures="0" timestamp="2021-06-16T13:51:59 EDT" time="174.178" errors="0">
  <testcase name="verify_File_Not_In_Library_Folder_6" time="8.164" classname="tests_resource_library.AddSecurityToFile"/>
  <testcase name="user_Can_Add_Multiple_Files_To_Folder_5" time="20.418" classname="tests_resource_library.AddNewFilesViaUpload"/>
  <testcase name="user_Can_Logout_AutoDirector" time="2.811" classname="tests_resource_library.AddSecurityToFile"/>
  <testcase name="user_Can_Open_Libraries_Form_3rd_Time" time="1.994" classname="tests_resource_library.AddNewFilesViaUpload"/>
  <testcase name="systemAdmin_Login_Again" time="4.506" classname="tests_resource_library.AddSecurityToFile"/>
  <testcase name="user_Can_Open_Libraries_Form_3rd_Time" time="2.57" classname="tests_resource_library.AddSecurityToFile"/>
  <testcase name="user_Can_Delete_Resource_Library_Folder_5" time="7.738" classname="tests_resource_library.AddNewFilesViaUpload"/>
  <testcase name="user_Can_Open_Libraries_Form_4th_Time" time="2.05" classname="tests_resource_library.AddNewFilesViaUpload"/>
  <testcase name="user_Delete_Resource_Library_Folder_6" time="4.773" classname="tests_resource_library.AddSecurityToFile"/>
  <testcase name="user_Can_Open_Libraries_Form_4th_Time" time="3.913" classname="tests_resource_library.AddSecurityToFile"/>
  <testcase name="verify_Resource_Library_Folder_5_NOT_Present" time="5.065" classname="tests_resource_library.AddNewFilesViaUpload"/>
</testsuite> <!-- AddNewFilesViaUpload -->
