<?xml version="1.0" encoding="UTF-8"?>
<!-- Generated by org.testng.reporters.JUnitXMLReporter -->
<testsuite hostname="CLT-WIN-11717" ignored="0" name="AttachCreateNewPolltoEventExistingSiteData" tests="137" failures="0" timestamp="2021-06-09T16:04:59 EDT" time="146.562" errors="0">
  <testcase name="loginBE_SystemAdmin" time="6.555" classname="tests_intergrations.ConfigureZoom"/>
  <testcase name="sysAdmin_Login" time="6.768" classname="tests_google.NonAdminCanNotSeeWhatsNew"/>
  <testcase name="verify_WhatsNew_Link" time="0.228" classname="tests_google.NonAdminCanNotSeeWhatsNew"/>
  <testcase name="login" time="7.317" classname="tests_general_settings.AddRemoveLogoAndLogoUrl"/>
  <testcase name="sysAdmin_Login" time="6.947" classname="tests_google.SysAdminCanSeeWhatsNew"/>
  <testcase name="verify_WhatsNew_Link" time="0.489" classname="tests_google.SysAdminCanSeeWhatsNew"/>
  <testcase name="user_Can_Open_Settings" time="1.939" classname="tests_intergrations.ConfigureZoom"/>
  <testcase name="user_Can_Open_Settings" time="2.111" classname="tests_general_settings.AddRemoveLogoAndLogoUrl"/>
  <testcase name="navigate_To_General_Look_Feel" time="3.219" classname="tests_general_settings.AddRemoveLogoAndLogoUrl"/>
  <testcase name="navigate_To_Video_Conferencing" time="5.924" classname="tests_intergrations.ConfigureZoom"/>
  <testcase name="open_Interact_With_WhatsNew" time="8.107" classname="tests_google.NonAdminCanNotSeeWhatsNew"/>
  <testcase name="open_Interact_With_WhatsNew" time="7.388" classname="tests_google.SysAdminCanSeeWhatsNew"/>
  <testcase name="verify_AutoBE" time="0.873" classname="tests_google.SysAdminCanSeeWhatsNew"/>
  <testcase name="add_Logo_And_Logo_URL" time="8.476" classname="tests_general_settings.AddRemoveLogoAndLogoUrl"/>
  <testcase name="login" time="8.79" classname="tests_general_settings.AddRemovePrintLogo"/>
  <testcase name="user_Can_Open_Settings" time="2.176" classname="tests_general_settings.AddRemovePrintLogo"/>
  <testcase name="configure_Zoom" time="18.444" classname="tests_intergrations.ConfigureZoom"/>
  <testcase name="verify_Logo_And_URL_Added" time="13.633" classname="tests_general_settings.AddRemoveLogoAndLogoUrl"/>
  <testcase name="navigate_To_General_Look_Feel" time="3.162" classname="tests_general_settings.AddRemovePrintLogo"/>
  <testcase name="user_Can_Open_Settings_2nd_Time" time="2.014" classname="tests_intergrations.ConfigureZoom"/>
  <testcase name="login" time="4.858" classname="tests_general_settings.SetDirectoryDisplayColumns"/>
  <testcase name="user_Can_Open_Settings_2nd_Time" time="3.258" classname="tests_general_settings.AddRemoveLogoAndLogoUrl"/>
  <testcase name="user_Can_Open_Settings" time="1.862" classname="tests_general_settings.SetDirectoryDisplayColumns"/>
  <testcase name="add_Print_Logo" time="5.405" classname="tests_general_settings.AddRemovePrintLogo"/>
  <testcase name="navigate_To_General_Look_Feel_2nd_Time" time="3.037" classname="tests_general_settings.AddRemoveLogoAndLogoUrl"/>
  <testcase name="navigate_To_Video_Conferencing_2nd_time" time="5.824" classname="tests_intergrations.ConfigureZoom"/>
  <testcase name="navigate_To_General_Look_Feel" time="3.209" classname="tests_general_settings.SetDirectoryDisplayColumns"/>
  <testcase name="disable_Logo_And_Logo_URL" time="4.667" classname="tests_general_settings.AddRemoveLogoAndLogoUrl"/>
  <testcase name="admin_Open_Workroom_Constellation_Library_Page" time="7.48" classname="tests_general_settings.AddRemovePrintLogo"/>
  <testcase name="verify_HP_Logo_Removed" time="5.085" classname="tests_general_settings.AddRemoveLogoAndLogoUrl"/>
  <testcase name="clear_Zoom_Form" time="10.176" classname="tests_intergrations.ConfigureZoom"/>
  <testcase name="user_Can_Create_Book_And_Add_Title" time="4.903" classname="tests_general_settings.AddRemovePrintLogo"/>
  <testcase name="set_Directory_Display_Columns" time="11.8" classname="tests_general_settings.SetDirectoryDisplayColumns"/>
  <testcase name="verify_Zoom_Deactivation" time="4.356" classname="tests_intergrations.ConfigureZoom"/>
  <testcase name="user_Can_Open_Directory" time="2.581" classname="tests_general_settings.SetDirectoryDisplayColumns"/>
  <testcase name="verify_Role_Column" time="1.036" classname="tests_general_settings.SetDirectoryDisplayColumns"/>
  <testcase name="home_Page_Redirect" time="2.569" classname="tests_general_settings.SetDateTimeFormat"/>
  <testcase name="user_Can_Open_Settings_2nd_Time" time="2.41" classname="tests_general_settings.SetDirectoryDisplayColumns"/>
  <testcase name="user_Can_Add_Cover_Page" time="11.328" classname="tests_general_settings.AddRemovePrintLogo"/>
  <testcase name="navigate_To_General_Look_Feel_Agian" time="4.721" classname="tests_general_settings.SetDirectoryDisplayColumns"/>
  <testcase name="home_Page_Redirect" time="2.852" classname="tests_general_settings.SetTimeZone"/>
  <testcase name="loginBE_SystemAdmin" time="6.816" classname="tests_general_settings.SetDateTimeFormat"/>
  <testcase name="user_Can_Add_Agenda" time="2.71" classname="tests_general_settings.AddRemovePrintLogo"/>
  <testcase name="user_Can_Open_Dirctory" time="1.894" classname="tests_general_settings.SetDateTimeFormat"/>
  <testcase name="user_Can_Save_Book_And_Continue" time="3.818" classname="tests_general_settings.AddRemovePrintLogo"/>
  <testcase name="disable_Directory_Display_Columns_Option" time="5.966" classname="tests_general_settings.SetDirectoryDisplayColumns"/>
  <testcase name="navigate_To_Look_And_Feel" time="4.017" classname="tests_general_settings.SetDateTimeFormat"/>
  <testcase name="loginBE_SystemAdmin" time="6.159" classname="tests_general_settings.SetTimeZone"/>
  <testcase name="user_Can_Open_Directory_3rd_Time" time="1.912" classname="tests_general_settings.SetDirectoryDisplayColumns"/>
  <testcase name="user_Can_Open_Dirctory" time="1.819" classname="tests_general_settings.SetTimeZone"/>
  <testcase name="navigate_To_Look_And_Feel" time="3.803" classname="tests_general_settings.SetTimeZone"/>
  <testcase name="user_Add_First_Catagory_To_Book" time="7.292" classname="tests_general_settings.AddRemovePrintLogo"/>
  <testcase name="verify_Role_Column_NOT_Present" time="5.784" classname="tests_general_settings.SetDirectoryDisplayColumns"/>
  <testcase name="set_New_Date_Time_Format" time="10.522" classname="tests_general_settings.SetDateTimeFormat"/>
  <testcase name="user_Can_Open_Dirctory_Agian" time="1.929" classname="tests_general_settings.SetDateTimeFormat"/>
  <testcase name="set_Time_Zone_To_Pacific_Time" time="9.624" classname="tests_general_settings.SetTimeZone"/>
  <testcase name="navigate_To_Look_And_Feel_Agian" time="3.974" classname="tests_general_settings.SetDateTimeFormat"/>
  <testcase name="user_Can_Open_Dirctory_Agian" time="1.799" classname="tests_general_settings.SetTimeZone"/>
  <testcase name="login" time="4.769" classname="tests_general_settings.AddUpdateBasicInformation"/>
  <testcase name="navigate_To_Look_And_Feel_Agian" time="3.81" classname="tests_general_settings.SetTimeZone"/>
  <testcase name="user_Can_Open_Settings" time="1.947" classname="tests_general_settings.AddUpdateBasicInformation"/>
  <testcase name="user_Add_File_1_To_First_Catagory" time="15.638" classname="tests_general_settings.AddRemovePrintLogo"/>
  <testcase name="navigate_To_General_Settings" time="1.614" classname="tests_general_settings.AddUpdateBasicInformation"/>
  <testcase name="set_Back_To_Orginal_Date_Time_Format" time="9.434" classname="tests_general_settings.SetDateTimeFormat"/>
  <testcase name="set_New_Time_Zone_Back_To_Eastern_Time" time="10.078" classname="tests_general_settings.SetTimeZone"/>
  <testcase name="user_Can_Build_Book" time="16.537" classname="tests_general_settings.AddRemovePrintLogo"/>
  <testcase name="login" time="6.711" classname="tests_general_settings.DisplayDirectoryByUserCategory"/>
  <testcase name="user_Can_Fill_Out_Basic_Information" time="16.299" classname="tests_general_settings.AddUpdateBasicInformation"/>
  <testcase name="user_Can_Open_Settings" time="2.027" classname="tests_general_settings.DisplayDirectoryByUserCategory"/>
  <testcase name="user_Can_Open_Settings_2nd_Time" time="2.351" classname="tests_general_settings.AddUpdateBasicInformation"/>
  <testcase name="sysAdmin_Login" time="5.181" classname="tests_general_settings.EnableDisableDirectoryExcelExport"/>
  <testcase name="navigate_To_General_Settings_2nd_Time" time="1.833" classname="tests_general_settings.AddUpdateBasicInformation"/>
  <testcase name="navigate_To_General_Look_Feel" time="3.452" classname="tests_general_settings.DisplayDirectoryByUserCategory"/>
  <testcase name="verify_Saved_Form_Data" time="0.883" classname="tests_general_settings.AddUpdateBasicInformation"/>
  <testcase name="make_Book_Add_Remove_Print_Logo_Visible" time="6.337" classname="tests_general_settings.AddRemovePrintLogo"/>
  <testcase name="user_Can_Open_Settings" time="2.17" classname="tests_general_settings.EnableDisableDirectoryExcelExport"/>
  <testcase name="navigate_To_General_Look_Feel" time="3.231" classname="tests_general_settings.EnableDisableDirectoryExcelExport"/>
  <testcase name="select_Display_Columns_By_User_Catergory" time="4.246" classname="tests_general_settings.DisplayDirectoryByUserCategory"/>
  <testcase name="user_Can_Open_Directory" time="1.901" classname="tests_general_settings.DisplayDirectoryByUserCategory"/>
  <testcase name="verify_User_Categories" time="0.897" classname="tests_general_settings.DisplayDirectoryByUserCategory"/>
  <testcase name="Disable_Directory_Excel_Export" time="4.152" classname="tests_general_settings.EnableDisableDirectoryExcelExport"/>
  <testcase name="user_Can_Open_Settings_2nd_Time" time="2.194" classname="tests_general_settings.DisplayDirectoryByUserCategory"/>
  <testcase name="clear_Basic_Information_Form" time="10.448" classname="tests_general_settings.AddUpdateBasicInformation"/>
  <testcase name="System_Admin_Logout" time="2.869" classname="tests_general_settings.EnableDisableDirectoryExcelExport"/>
  <testcase name="navigate_To_General_Look_Feel_Agian" time="3.094" classname="tests_general_settings.DisplayDirectoryByUserCategory"/>
  <testcase name="user_Login" time="5.306" classname="tests_general_settings.EnableDisableDirectoryExcelExport"/>
  <testcase name="open_Book_Add_Remove_Print_Logo_In_Viewer" time="16.438" classname="tests_general_settings.AddRemovePrintLogo"/>
  <testcase name="disable_Display_Columns_By_User_Catergory" time="5.499" classname="tests_general_settings.DisplayDirectoryByUserCategory"/>
  <testcase name="home_Page_Redirect" time="2.523" classname="tests_boardmember_access.AttachCreateNewBookToEventExistingSiteData"/>
  <testcase name="user_Can_Open_Directory" time="2.857" classname="tests_general_settings.EnableDisableDirectoryExcelExport"/>
  <testcase name="home_Page_Redirect" time="1.344" classname="tests_boardmember_access.AttachCreateNewPolltoEventExistingSiteData"/>
  <testcase name="autoUser_login" time="9.037" classname="tests_boardmember_access.AttachCreateNewBookToEventExistingSiteData"/>
  <testcase name="delete_Book_Add_Remove_Print_Logo" time="11.183" classname="tests_general_settings.AddRemovePrintLogo"/>
  <testcase name="verify_Download_As_Excel_Disabled" time="9.397" classname="tests_general_settings.EnableDisableDirectoryExcelExport"/>
  <testcase name="autoUser_login" time="5.375" classname="tests_boardmember_access.AttachCreateNewPolltoEventExistingSiteData"/>
  <testcase name="user_Logout" time="4.655" classname="tests_general_settings.EnableDisableDirectoryExcelExport"/>
  <testcase name="user_Can_Open_Library_Page_For_Workroom" time="8.353" classname="tests_boardmember_access.AttachCreateNewBookToEventExistingSiteData"/>
  <testcase name="system_Admin_Login" time="4.511" classname="tests_general_settings.EnableDisableDirectoryExcelExport"/>
  <testcase name="clean_Up_Meeting_Books_Constellation_WR" time="11.748" classname="tests_general_settings.AddRemovePrintLogo"/>
  <testcase name="user_Can_Open_Settings_Again" time="2.184" classname="tests_general_settings.EnableDisableDirectoryExcelExport"/>
  <testcase name="user_Can_Open_Library_Page_For_Workroom" time="10.104" classname="tests_boardmember_access.AttachCreateNewPolltoEventExistingSiteData"/>
  <testcase name="navigate_To_General_Look_Feel_Again" time="3.043" classname="tests_general_settings.EnableDisableDirectoryExcelExport"/>
  <testcase name="Enable_Directory_Excel_Export" time="3.421" classname="tests_general_settings.EnableDisableDirectoryExcelExport"/>
  <testcase name="verify_Book_Deleted" time="9.355" classname="tests_general_settings.AddRemovePrintLogo"/>
  <testcase name="user_Can_Open_Settings_2nd_Time" time="1.876" classname="tests_general_settings.AddRemovePrintLogo"/>
  <testcase name="System_Admin_Logout_Again" time="5.748" classname="tests_general_settings.EnableDisableDirectoryExcelExport"/>
  <testcase name="navigate_To_General_Look_Feel_2nd_Time" time="3.125" classname="tests_general_settings.AddRemovePrintLogo"/>
  <testcase name="auto_Director_Login_Again" time="4.371" classname="tests_general_settings.EnableDisableDirectoryExcelExport"/>
  <testcase name="disable_Print_Logo" time="3.315" classname="tests_general_settings.AddRemovePrintLogo"/>
  <testcase name="user_Can_Open_Directory_Again" time="1.805" classname="tests_general_settings.EnableDisableDirectoryExcelExport"/>
  <testcase name="create_New_Event_On_JH_Staging" time="23.457" classname="tests_boardmember_access.AttachCreateNewBookToEventExistingSiteData"/>
  <testcase name="verify_Download_As_Excel_Enabled" time="3.715" classname="tests_general_settings.EnableDisableDirectoryExcelExport"/>
  <testcase name="verify_Logo_Removed" time="9.085" classname="tests_general_settings.AddRemovePrintLogo"/>
  <testcase name="user_Can_Create_New_Event" time="25.043" classname="tests_boardmember_access.AttachCreateNewPolltoEventExistingSiteData"/>
  <testcase name="switch_To_Creating_Book" time="9.606" classname="tests_boardmember_access.AttachCreateNewBookToEventExistingSiteData"/>
  <testcase name="user_Can_Create_Book_And_Add_Title" time="3.253" classname="tests_boardmember_access.AttachCreateNewBookToEventExistingSiteData"/>
  <testcase name="switch_To_Creating_Poll" time="10.563" classname="tests_boardmember_access.AttachCreateNewPolltoEventExistingSiteData"/>
  <testcase name="user_Can_Add_Cover_Page" time="7.709" classname="tests_boardmember_access.AttachCreateNewBookToEventExistingSiteData"/>
  <testcase name="user_Can_Add_Agenda" time="2.863" classname="tests_boardmember_access.AttachCreateNewBookToEventExistingSiteData"/>
  <testcase name="creating_Poll_For_Event" time="4.974" classname="tests_boardmember_access.AttachCreateNewPolltoEventExistingSiteData"/>
  <testcase name="user_Can_Save_Book_And_Continue" time="4.133" classname="tests_boardmember_access.AttachCreateNewBookToEventExistingSiteData"/>
  <testcase name="create_Poll_Question" time="9.013" classname="tests_boardmember_access.AttachCreateNewPolltoEventExistingSiteData"/>
  <testcase name="user_Add_First_Catagory_To_Book" time="7.362" classname="tests_boardmember_access.AttachCreateNewBookToEventExistingSiteData"/>
  <testcase name="add_Poll_Respondents" time="10.798" classname="tests_boardmember_access.AttachCreateNewPolltoEventExistingSiteData"/>
  <testcase name="user_Add_File_1_To_First_Catagory" time="15.888" classname="tests_boardmember_access.AttachCreateNewBookToEventExistingSiteData"/>
  <testcase name="build_Poll_Make_Visible" time="9.343" classname="tests_boardmember_access.AttachCreateNewPolltoEventExistingSiteData"/>
  <testcase name="user_Can_Build_Book" time="15.872" classname="tests_boardmember_access.AttachCreateNewBookToEventExistingSiteData"/>
  <testcase name="verify_Poll_Added_To_Event_On_Staging_2" time="17.103" classname="tests_boardmember_access.AttachCreateNewPolltoEventExistingSiteData"/>
  <testcase name="make_Book_Board_Member_Access_1_Visible" time="6.059" classname="tests_boardmember_access.AttachCreateNewBookToEventExistingSiteData"/>
  <testcase name="delete_Event_Title_On_Staging_2" time="10.47" classname="tests_boardmember_access.AttachCreateNewPolltoEventExistingSiteData"/>
  <testcase name="verify_Event_Title_On_Staging_2_Deleted" time="5.112" classname="tests_boardmember_access.AttachCreateNewPolltoEventExistingSiteData"/>
  <testcase name="user_navigates_To_Poll" time="4.895" classname="tests_boardmember_access.AttachCreateNewPolltoEventExistingSiteData"/>
  <testcase name="verify_Book_Added_To_Event_Staging_1" time="17.492" classname="tests_boardmember_access.AttachCreateNewBookToEventExistingSiteData"/>
  <testcase name="delete_Poll_On_Staging_Board_Member_Access_1" time="9.767" classname="tests_boardmember_access.AttachCreateNewPolltoEventExistingSiteData"/>
  <testcase name="delete_Event_Title_On_Staging_1" time="9.977" classname="tests_boardmember_access.AttachCreateNewBookToEventExistingSiteData"/>
  <testcase name="verify_Event_Deleted_2" time="5.089" classname="tests_boardmember_access.AttachCreateNewBookToEventExistingSiteData"/>
  <testcase name="verify_Poll_Board_Member_Access_1_NOT_EXIST" time="6.092" classname="tests_boardmember_access.AttachCreateNewPolltoEventExistingSiteData"/>
</testsuite> <!-- AttachCreateNewPolltoEventExistingSiteData -->
