<?xml version="1.0" encoding="UTF-8"?>
<!-- Generated by org.testng.reporters.JUnitXMLReporter -->
<testsuite hostname="CLT-WIN-11717" ignored="0" name="message_workroom_users_diff_tabs" tests="3" failures="0" timestamp="2021-06-14T14:58:59 EDT" time="39.043" errors="0">
  <testcase name="verify_WorkroomAdmin_IS_Hidden" time="5.359" classname="tests_workroom_home.ManageWorkroomMemberVisibility"/>
  <testcase name="message_Workroom_Users_Diff_Tabs" time="17.658" classname="tests_workroom_home.MessageWorkroomUsersDiffTabs"/>
  <testcase name="verify_Message_Sent_To_BoardMembers" time="7.18" classname="tests_workroom_home.MessageWorkroomUsersDiffTabs"/>
</testsuite> <!-- message_workroom_users_diff_tabs -->
