<?xml version="1.0" encoding="UTF-8"?>
<!-- Generated by org.testng.reporters.JUnitXMLReporter -->
<testsuite hostname="CLT-WIN-11717" ignored="0" name="RestrictWorkroomForUser" tests="3" failures="0" timestamp="2021-06-23T16:29:57 EDT" time="134.795" errors="0">
  <testcase name="enable_Workroom_Access" time="13.035" classname="tests_settings.RestrictWorkroomForUser"/>
  <testcase name="user_Can_Open_Settings" time="3.537" classname="tests_settings.RestrictWorkroomForUser"/>
  <testcase name="verify_Workroom_Access_Enabled" time="3.508" classname="tests_settings.RestrictWorkroomForUser"/>
</testsuite> <!-- RestrictWorkroomForUser -->
