<?xml version="1.0" encoding="UTF-8"?>
<!-- Generated by org.testng.reporters.JUnitXMLReporter -->
<testsuite hostname="CLT-WIN-11717" ignored="0" name="Set_Date_Time_Format" tests="54" failures="0" timestamp="2021-06-09T16:01:55 EDT" time="46.314" errors="0">
  <testcase name="loginBE_SystemAdmin" time="6.555" classname="tests_intergrations.ConfigureZoom"/>
  <testcase name="sysAdmin_Login" time="6.768" classname="tests_google.NonAdminCanNotSeeWhatsNew"/>
  <testcase name="verify_WhatsNew_Link" time="0.228" classname="tests_google.NonAdminCanNotSeeWhatsNew"/>
  <testcase name="login" time="7.317" classname="tests_general_settings.AddRemoveLogoAndLogoUrl"/>
  <testcase name="sysAdmin_Login" time="6.947" classname="tests_google.SysAdminCanSeeWhatsNew"/>
  <testcase name="verify_WhatsNew_Link" time="0.489" classname="tests_google.SysAdminCanSeeWhatsNew"/>
  <testcase name="user_Can_Open_Settings" time="1.939" classname="tests_intergrations.ConfigureZoom"/>
  <testcase name="user_Can_Open_Settings" time="2.111" classname="tests_general_settings.AddRemoveLogoAndLogoUrl"/>
  <testcase name="navigate_To_General_Look_Feel" time="3.219" classname="tests_general_settings.AddRemoveLogoAndLogoUrl"/>
  <testcase name="navigate_To_Video_Conferencing" time="5.924" classname="tests_intergrations.ConfigureZoom"/>
  <testcase name="open_Interact_With_WhatsNew" time="8.107" classname="tests_google.NonAdminCanNotSeeWhatsNew"/>
  <testcase name="open_Interact_With_WhatsNew" time="7.388" classname="tests_google.SysAdminCanSeeWhatsNew"/>
  <testcase name="verify_AutoBE" time="0.873" classname="tests_google.SysAdminCanSeeWhatsNew"/>
  <testcase name="add_Logo_And_Logo_URL" time="8.476" classname="tests_general_settings.AddRemoveLogoAndLogoUrl"/>
  <testcase name="login" time="8.79" classname="tests_general_settings.AddRemovePrintLogo"/>
  <testcase name="user_Can_Open_Settings" time="2.176" classname="tests_general_settings.AddRemovePrintLogo"/>
  <testcase name="configure_Zoom" time="18.444" classname="tests_intergrations.ConfigureZoom"/>
  <testcase name="verify_Logo_And_URL_Added" time="13.633" classname="tests_general_settings.AddRemoveLogoAndLogoUrl"/>
  <testcase name="navigate_To_General_Look_Feel" time="3.162" classname="tests_general_settings.AddRemovePrintLogo"/>
  <testcase name="user_Can_Open_Settings_2nd_Time" time="2.014" classname="tests_intergrations.ConfigureZoom"/>
  <testcase name="login" time="4.858" classname="tests_general_settings.SetDirectoryDisplayColumns"/>
  <testcase name="user_Can_Open_Settings_2nd_Time" time="3.258" classname="tests_general_settings.AddRemoveLogoAndLogoUrl"/>
  <testcase name="user_Can_Open_Settings" time="1.862" classname="tests_general_settings.SetDirectoryDisplayColumns"/>
  <testcase name="add_Print_Logo" time="5.405" classname="tests_general_settings.AddRemovePrintLogo"/>
  <testcase name="navigate_To_General_Look_Feel_2nd_Time" time="3.037" classname="tests_general_settings.AddRemoveLogoAndLogoUrl"/>
  <testcase name="navigate_To_Video_Conferencing_2nd_time" time="5.824" classname="tests_intergrations.ConfigureZoom"/>
  <testcase name="navigate_To_General_Look_Feel" time="3.209" classname="tests_general_settings.SetDirectoryDisplayColumns"/>
  <testcase name="disable_Logo_And_Logo_URL" time="4.667" classname="tests_general_settings.AddRemoveLogoAndLogoUrl"/>
  <testcase name="admin_Open_Workroom_Constellation_Library_Page" time="7.48" classname="tests_general_settings.AddRemovePrintLogo"/>
  <testcase name="verify_HP_Logo_Removed" time="5.085" classname="tests_general_settings.AddRemoveLogoAndLogoUrl"/>
  <testcase name="clear_Zoom_Form" time="10.176" classname="tests_intergrations.ConfigureZoom"/>
  <testcase name="user_Can_Create_Book_And_Add_Title" time="4.903" classname="tests_general_settings.AddRemovePrintLogo"/>
  <testcase name="set_Directory_Display_Columns" time="11.8" classname="tests_general_settings.SetDirectoryDisplayColumns"/>
  <testcase name="verify_Zoom_Deactivation" time="4.356" classname="tests_intergrations.ConfigureZoom"/>
  <testcase name="user_Can_Open_Directory" time="2.581" classname="tests_general_settings.SetDirectoryDisplayColumns"/>
  <testcase name="verify_Role_Column" time="1.036" classname="tests_general_settings.SetDirectoryDisplayColumns"/>
  <testcase name="home_Page_Redirect" time="2.569" classname="tests_general_settings.SetDateTimeFormat"/>
  <testcase name="user_Can_Open_Settings_2nd_Time" time="2.41" classname="tests_general_settings.SetDirectoryDisplayColumns"/>
  <testcase name="user_Can_Add_Cover_Page" time="11.328" classname="tests_general_settings.AddRemovePrintLogo"/>
  <testcase name="navigate_To_General_Look_Feel_Agian" time="4.721" classname="tests_general_settings.SetDirectoryDisplayColumns"/>
  <testcase name="loginBE_SystemAdmin" time="6.816" classname="tests_general_settings.SetDateTimeFormat"/>
  <testcase name="user_Can_Add_Agenda" time="2.71" classname="tests_general_settings.AddRemovePrintLogo"/>
  <testcase name="user_Can_Open_Dirctory" time="1.894" classname="tests_general_settings.SetDateTimeFormat"/>
  <testcase name="user_Can_Save_Book_And_Continue" time="3.818" classname="tests_general_settings.AddRemovePrintLogo"/>
  <testcase name="disable_Directory_Display_Columns_Option" time="5.966" classname="tests_general_settings.SetDirectoryDisplayColumns"/>
  <testcase name="navigate_To_Look_And_Feel" time="4.017" classname="tests_general_settings.SetDateTimeFormat"/>
  <testcase name="user_Can_Open_Directory_3rd_Time" time="1.912" classname="tests_general_settings.SetDirectoryDisplayColumns"/>
  <testcase name="user_Add_First_Catagory_To_Book" time="7.292" classname="tests_general_settings.AddRemovePrintLogo"/>
  <testcase name="verify_Role_Column_NOT_Present" time="5.784" classname="tests_general_settings.SetDirectoryDisplayColumns"/>
  <testcase name="set_New_Date_Time_Format" time="10.522" classname="tests_general_settings.SetDateTimeFormat"/>
  <testcase name="user_Can_Open_Dirctory_Agian" time="1.929" classname="tests_general_settings.SetDateTimeFormat"/>
  <testcase name="navigate_To_Look_And_Feel_Agian" time="3.974" classname="tests_general_settings.SetDateTimeFormat"/>
  <testcase name="user_Add_File_1_To_First_Catagory" time="15.638" classname="tests_general_settings.AddRemovePrintLogo"/>
  <testcase name="set_Back_To_Orginal_Date_Time_Format" time="9.434" classname="tests_general_settings.SetDateTimeFormat"/>
</testsuite> <!-- Set_Date_Time_Format -->
