<?xml version="1.0" encoding="UTF-8"?>
<!-- Generated by org.testng.reporters.JUnitXMLReporter -->
<testsuite hostname="CLT-WIN-11717" ignored="0" name="SetWorkroomToViewOnlyBooks" tests="15" failures="0" timestamp="2021-06-23T16:33:39 EDT" time="188.642" errors="0">
  <testcase name="verify_Book_Meeting_Book2_Download_Btn_Not_Present" time="5.474" classname="tests_settings.SetWorkroomToViewOnlyBooks"/>
  <testcase name="open_Auto_User_20_Profile_2nd_Time" time="4.489" classname="tests_settings.SetUserToViewOnlyBooks"/>
  <testcase name="autoDirector_Can_Logout" time="2.67" classname="tests_settings.SetWorkroomToViewOnlyBooks"/>
  <testcase name="disable_User_To_View_Only_Books" time="4.221" classname="tests_settings.SetUserToViewOnlyBooks"/>
  <testcase name="systemAdmin_Can_Login" time="4.322" classname="tests_settings.SetWorkroomToViewOnlyBooks"/>
  <testcase name="open_Settings_Then_Workroom_And_Group_Settings_Again" time="2.74" classname="tests_settings.SetWorkroomToViewOnlyBooks"/>
  <testcase name="system_Admin_Open_Library_Page_For_Workroom_2nd_Time" time="6.135" classname="tests_settings.SetUserToViewOnlyBooks"/>
  <testcase name="disable_Comics_Workroom_To_View_Only_Books" time="7.625" classname="tests_settings.SetWorkroomToViewOnlyBooks"/>
  <testcase name="delete_Meeting_Book_1" time="8.517" classname="tests_settings.SetUserToViewOnlyBooks"/>
  <testcase name="workroom_Member_Open_Comics_Workroom_Library_Page" time="6.134" classname="tests_settings.SetWorkroomToViewOnlyBooks"/>
  <testcase name="verify_Meeting_Book_1_Deleted" time="7.19" classname="tests_settings.SetUserToViewOnlyBooks"/>
  <testcase name="delete_Meeting_Book_2" time="11.396" classname="tests_settings.SetWorkroomToViewOnlyBooks"/>
  <testcase name="verify_Meeting_Book_2_NOT_VISIBLE" time="5.084" classname="tests_settings.SetWorkroomToViewOnlyBooks"/>
  <testcase name="user_Opens_Settings_Opens_Workroom_And_Group_Settings_2nd_Time" time="2.727" classname="tests_settings.SetWorkroomToViewOnlyBooks"/>
  <testcase name="verify_View_Only_Books_Not_Checked" time="4.097" classname="tests_settings.SetWorkroomToViewOnlyBooks"/>
</testsuite> <!-- SetWorkroomToViewOnlyBooks -->
