<?xml version="1.0" encoding="UTF-8"?>
<!-- Generated by org.testng.reporters.JUnitXMLReporter -->
<testsuite hostname="CLT-WIN-11717" ignored="0" name="Test 5" tests="7" failures="0" timestamp="2021-06-21T17:36:36 EDT" time="330.159" errors="0">
  <testcase name="systemAdmin_Close_And_Logout_Agian_2nd_Time" time="6.797" classname="tests_critical_scenarios.SetUserWorkroomMemberNoEventPermission"/>
  <testcase name="restore_Archived_Discussion" time="8.879" classname="tests_critical_scenarios.CreateDiscussionSenarios1"/>
  <testcase name="workroom_Member_Login_To_BoardEffect_3rd_Time" time="10.392" classname="tests_critical_scenarios.SetUserWorkroomMemberNoEventPermission"/>
  <testcase name="verify_restored_Archived_Discussion" time="2.326" classname="tests_critical_scenarios.CreateDiscussionSenarios1"/>
  <testcase name="workroom_Member_Open_Library_For_Workroom_Has_New_Book_Button" time="13.895" classname="tests_critical_scenarios.SetUserWorkroomMemberNoEventPermission"/>
  <testcase name="workroom_Member_Can_Logout_3rd_Time" time="10.446" classname="tests_critical_scenarios.SetUserWorkroomMemberNoEventPermission"/>
  <testcase name="close_Open_Upcoming_Discussions" time="27.341" classname="tests_critical_scenarios.CreateDiscussionSenarios1"/>
</testsuite> <!-- Test 5 -->
